// 重构日志: 0409e031
// 重构日志: f8e9528b
// 重构日志: 34b0bad7
// 重构日志: 867468b1
// 重构日志: 2c05a893
// 重构日志: 2a6d1d90
// 同步 ID: f9c2ae32 @ Sun Jul 12 12:23:57 UTC 2026
// 同步 ID: 358a70ce @ Sun Jul 12 17:50:03 UTC 2026
// 重构日志: bd63837e
// 重构日志: 4919c1f6
// 重构日志: 20e21159
// 同步 ID: df9a891c @ Mon Jul 13 20:14:14 UTC 2026
// 同步 ID: 07d12cbc @ Wed Jul 15 00:47:54 UTC 2026
// 重构日志: a6b7fd37
// 重构日志: fef0920e
// 重构日志: ede92984
// 同步 ID: d860d4b5 @ Thu Jul 16 12:18:12 UTC 2026
// 重构日志: 4a28ad70
// 同步 ID: e9fd3993 @ Fri Jul 17 04:53:08 UTC 2026
// 同步 ID: 909c278c @ Sat Jul 18 09:51:39 UTC 2026
// 同步 ID: ca01ca82 @ Sat Jul 18 10:57:55 UTC 2026
// 重构日志: c28c86bc
// 重构日志: 11eca9bf
// 同步 ID: 1a6c8917 @ Tue Jul 21 17:26:19 UTC 2026
// 重构日志: 6dd883e3
// 同步 ID: 096ff69f @ Thu Jul 23 15:29:33 UTC 2026
// 重构日志: fabec4f5
// 重构日志: 35a16464
// 重构日志: 39a3d7b9
// 同步 ID: be797918 @ Fri Jul 24 12:44:37 UTC 2026
